::1 - - [29/Jul/2022:01:45:19 +0000] "GET /post HTTP/1.1" 200 1314 "-" "PostmanRuntime/7.29.2"
::1 - - [29/Jul/2022:01:59:00 +0000] "GET /product HTTP/1.1" 200 43 "-" "PostmanRuntime/7.29.2"
::1 - - [29/Jul/2022:02:18:59 +0000] "POST /user/create HTTP/1.1" 409 54 "-" "PostmanRuntime/7.29.2"
::1 - - [29/Jul/2022:02:30:27 +0000] "POST /user/create HTTP/1.1" 409 54 "-" "PostmanRuntime/7.29.2"
::1 - - [29/Jul/2022:02:33:04 +0000] "POST /user/create HTTP/1.1" 409 54 "-" "PostmanRuntime/7.29.2"
::1 - - [29/Jul/2022:02:34:34 +0000] "POST /user/create HTTP/1.1" 409 54 "-" "PostmanRuntime/7.29.2"
::1 - - [29/Jul/2022:02:35:46 +0000] "POST /user/create HTTP/1.1" 409 54 "-" "PostmanRuntime/7.29.2"
::1 - - [29/Jul/2022:02:36:33 +0000] "POST /user/create HTTP/1.1" 409 54 "-" "PostmanRuntime/7.29.2"
::1 - - [29/Jul/2022:02:37:01 +0000] "POST /order/22332423 HTTP/1.1" 403 9 "-" "PostmanRuntime/7.29.2"
::1 - - [29/Jul/2022:02:37:13 +0000] "POST /product/22332423 HTTP/1.1" 404 156 "-" "PostmanRuntime/7.29.2"
::1 - - [29/Jul/2022:02:37:33 +0000] "GET /product/22332423 HTTP/1.1" 400 49 "-" "PostmanRuntime/7.29.2"
::1 - - [29/Jul/2022:04:08:25 +0000] "GET /advertise/upload HTTP/1.1" 200 38 "-" "PostmanRuntime/7.29.2"
::1 - - [29/Jul/2022:04:09:17 +0000] "POST /advertise/upload HTTP/1.1" 400 51 "-" "PostmanRuntime/7.29.2"
::1 - - [29/Jul/2022:04:10:16 +0000] "POST /advertise/upload HTTP/1.1" 201 54 "-" "PostmanRuntime/7.29.2"
::1 - - [29/Jul/2022:04:11:13 +0000] "POST /advertise/upload HTTP/1.1" 201 54 "-" "PostmanRuntime/7.29.2"
::1 - - [29/Jul/2022:04:11:53 +0000] "POST /advertise/upload HTTP/1.1" 201 54 "-" "PostmanRuntime/7.29.2"
::1 - - [29/Jul/2022:04:12:08 +0000] "POST /advertise/upload HTTP/1.1" 201 54 "-" "PostmanRuntime/7.29.2"
::1 - - [29/Jul/2022:04:13:20 +0000] "POST /advertise/upload HTTP/1.1" 201 54 "-" "PostmanRuntime/7.29.2"
::1 - - [29/Jul/2022:04:13:28 +0000] "GET /advertise HTTP/1.1" 400 52 "-" "PostmanRuntime/7.29.2"
::1 - - [29/Jul/2022:04:13:38 +0000] "GET /advertise HTTP/1.1" 400 52 "-" "PostmanRuntime/7.29.2"
::1 - - [29/Jul/2022:04:14:48 +0000] "GET /advertise HTTP/1.1" 200 135 "-" "PostmanRuntime/7.29.2"
::1 - - [29/Jul/2022:04:15:20 +0000] "GET /advertise/upload HTTP/1.1" 200 38 "-" "PostmanRuntime/7.29.2"
::1 - - [29/Jul/2022:04:15:24 +0000] "POST /advertise/upload HTTP/1.1" 201 54 "-" "PostmanRuntime/7.29.2"
::1 - - [29/Jul/2022:04:15:33 +0000] "GET /advertise/poster HTTP/1.1" 200 135 "-" "PostmanRuntime/7.29.2"
::1 - - [29/Jul/2022:04:15:47 +0000] "DELETE /advertise/delete/62e35edb49eaeb1687b779ec HTTP/1.1" 500 1530 "-" "PostmanRuntime/7.29.2"
::1 - - [29/Jul/2022:04:16:20 +0000] "DELETE /advertise/delete/62e35edb49eaeb1687b779ec HTTP/1.1" 500 1534 "-" "PostmanRuntime/7.29.2"
::1 - - [29/Jul/2022:04:16:40 +0000] "DELETE /advertise/delete/62e35edb49eaeb1687b779ec HTTP/1.1" 400 53 "-" "PostmanRuntime/7.29.2"
::1 - - [29/Jul/2022:04:17:27 +0000] "GET /advertise HTTP/1.1" 200 135 "-" "PostmanRuntime/7.29.2"
::1 - - [29/Jul/2022:04:17:48 +0000] "DELETE /advertise/delete/62e35e5f6ff21aa782437221 HTTP/1.1" 400 53 "-" "PostmanRuntime/7.29.2"
::1 - - [29/Jul/2022:04:18:44 +0000] "DELETE /advertise/delete/62e35e5f6ff21aa782437221 HTTP/1.1" 202 57 "-" "PostmanRuntime/7.29.2"
